configuration:
  debugProfilePort: 5001
  enableDBStore: false
  enableNrfCaching: false
  enableUPFAdapter: false
  kafkaInfo:
    brokerPort: 9092
    brokerUri: kafka-headless
    topicName: sdcore-data-source-smf
  mongodb:
    name: free5gc
    url: mongodb://mongodb-arbiter-headless
  nfKafka:
    enable: true
    topic: sdcore-nf-data-source
    urls:
    - kafka-headless:9092
  nrfUri: http://nrf:29510
  pfcp:
    addr: POD_IP
  sbi:
    bindingIPv4: 0.0.0.0
    port: 29502
    registerIPv4: smf
    scheme: http
    tls:
      key: gofree5gc/support/TLS/smf.key
      pem: gofree5gc/support/TLS/smf.pem
  serviceNameList:
  - nsmf-pdusession
  - nsmf-event-exposure
  smfDBName: sdcore_smf
  smfName: SMF
  snssaiInfos:
  - dnnInfos:
    - dnn: internet
      dns:
        ipv4: 8.8.8.8
        ipv6: 2001:4860:4860::8888
      ueSubnet: 172.250.0.0/16
    sNssai:
      sd: "010203"
      sst: 1
  userplane_information:
    links:
    - A: gNB1
      B: UPF
    up_nodes:
      UPF:
        interfaces:
        - endpoints:
          - upf
          interfaceType: N3
          networkInstance: internet
        node_id: upf
        sNssaiUpfInfos:
        - dnnUpfInfoList:
          - dnn: internet
          plmnId:
            mcc: "208"
            mnc: "93"
          sNssai:
            sd: "010203"
            sst: 1
        - dnnUpfInfoList:
          - dnn: internet
          plmnId:
            mcc: "208"
            mnc: "93"
          sNssai:
            sd: "112233"
            sst: 1
        type: UPF
      gNB1:
        type: AN
info:
  description: SMF initial local configuration
  version: 1.0.0
logger:
  AMF:
    ReportCaller: false
    debugLevel: info
  AUSF:
    ReportCaller: false
    debugLevel: info
  Aper:
    ReportCaller: false
    debugLevel: info
  CommonConsumerTest:
    ReportCaller: false
    debugLevel: info
  FSM:
    ReportCaller: false
    debugLevel: info
  MongoDBLibrary:
    ReportCaller: false
    debugLevel: info
  N3IWF:
    ReportCaller: false
    debugLevel: info
  NAS:
    ReportCaller: false
    debugLevel: info
  NGAP:
    ReportCaller: false
    debugLevel: info
  NRF:
    ReportCaller: false
    debugLevel: info
  NamfComm:
    ReportCaller: false
    debugLevel: info
  NamfEventExposure:
    ReportCaller: false
    debugLevel: info
  NsmfPDUSession:
    ReportCaller: false
    debugLevel: info
  NudrDataRepository:
    ReportCaller: false
    debugLevel: info
  OpenApi:
    ReportCaller: false
    debugLevel: info
  PCF:
    ReportCaller: false
    debugLevel: info
  PFCP:
    ReportCaller: false
    debugLevel: info
  PathUtil:
    ReportCaller: false
    debugLevel: info
  SMF:
    ReportCaller: false
    debugLevel: info
  UDM:
    ReportCaller: false
    debugLevel: info
  UDR:
    ReportCaller: false
    debugLevel: info
  WEBUI:
    ReportCaller: false
    debugLevel: infoNeura_smf
2024-03-24T11:17:35Z[36m [INFO][Config5g][GRPC] [0mConfig Client : Creating
2024-03-24T11:17:35Z[36m [INFO][Config5g][GRPC] [0mDialing GRPC Connection -  webui:9876
2024-03-24T11:17:35Z[36m [INFO][Config5g][GRPC] [0mConnecting to GRPC ...
2024-03-24T11:17:55Z[36m [INFO][Config5g][GRPC] [0mConnecting to GRPC ...
2024-03-24T11:18:15Z[36m [INFO][Config5g][GRPC] [0mConnecting to GRPC ...
2024-03-24T11:18:35Z[36m [INFO][Config5g][GRPC] [0mConnecting to GRPC ...
2024-03-24T11:18:55Z[36m [INFO][Config5g][GRPC] [0mConnecting to GRPC ...
2024/03/24 11:19:15 INFO: [core] [Channel #1] Channel created
2024/03/24 11:19:15 INFO: [core] [Channel #1] original dial target is: "webui:9876"
2024/03/24 11:19:15 INFO: [core] [Channel #1] parsed dial target is: resolver.Target{URL:url.URL{Scheme:"webui", Opaque:"9876", User:(*url.Userinfo)(nil), Host:"", Path:"", RawPath:"", OmitHost:false, ForceQuery:false, RawQuery:"", Fragment:"", RawFragment:""}}
2024/03/24 11:19:15 INFO: [core] [Channel #1] fallback to scheme "passthrough"
2024/03/24 11:19:15 INFO: [core] [Channel #1] parsed dial target is: passthrough:///webui:9876
2024/03/24 11:19:15 INFO: [core] [Channel #1] Channel authority set to "webui:9876"
2024/03/24 11:19:15 INFO: [core] [Channel #1] Resolver state updated: {
  "Addresses": [
    {
      "Addr": "webui:9876",
      "ServerName": "",
      "Attributes": null,
      "BalancerAttributes": null,
      "Metadata": null
    }
  ],
  "Endpoints": [
    {
      "Addresses": [
        {
          "Addr": "webui:9876",
          "ServerName": "",
          "Attributes": null,
          "BalancerAttributes": null,
          "Metadata": null
        }
      ],
      "Attributes": null
    }
  ],
  "ServiceConfig": null,
  "Attributes": null
} (resolver returned new addresses)
2024/03/24 11:19:15 INFO: [core] [Channel #1] Channel switches to new LB policy "pick_first"
2024/03/24 11:19:15 INFO: [core] [pick-first-lb 0xc000160d50] Received new config {
  "shuffleAddressList": false
}, resolver state {
  "Addresses": [
    {
      "Addr": "webui:9876",
      "ServerName": "",
      "Attributes": null,
      "BalancerAttributes": null,
      "Metadata": null
    }
  ],
  "Endpoints": [
    {
      "Addresses": [
        {
          "Addr": "webui:9876",
          "ServerName": "",
          "Attributes": null,
          "BalancerAttributes": null,
          "Metadata": null
        }
      ],
      "Attributes": null
    }
  ],
  "ServiceConfig": null,
  "Attributes": null
}
2024/03/24 11:19:15 INFO: [core] [Channel #1 SubChannel #2] Subchannel created
2024/03/24 11:19:15 INFO: [core] [Channel #1] Channel Connectivity change to CONNECTING
2024/03/24 11:19:15 INFO: [core] [Channel #1] Channel exiting idle mode
2024/03/24 11:19:15 INFO: [core] [Channel #1 SubChannel #2] Subchannel Connectivity change to CONNECTING
2024/03/24 11:19:15 INFO: [core] [Channel #1 SubChannel #2] Subchannel picks a new address "webui:9876" to connect
2024/03/24 11:19:15 INFO: [core] [pick-first-lb 0xc000160d50] Received SubConn state update: 0xc000160e70, {ConnectivityState:CONNECTING ConnectionError:<nil>}
2024-03-24T11:19:15Z[36m [INFO][Config5g][GRPC] [0mSubscribing to Config POD
2024-03-24T11:19:15Z[31m [ERRO][Config5g][GRPC] [0mConnectivity status: Not Ready
2024-03-24T11:19:15Z[36m [INFO][SMF][Init] [0mSMF Log level is set to [info] level
2024-03-24T11:19:15Z[36m [INFO][LIB][NAS] [0mset log level : info
2024-03-24T11:19:15Z[36m [INFO][LIB][NAS] [0mset report call : false
2024-03-24T11:19:15Z[36m [INFO][LIB][NGAP] [0mset log level : info
2024-03-24T11:19:15Z[36m [INFO][LIB][NGAP] [0mset report call : false
2024-03-24T11:19:15Z[36m [INFO][LIB][Aper] [0mset log level : info
2024-03-24T11:19:15Z[36m [INFO][LIB][Aper] [0mset report call : false
2024-03-24T11:19:15Z[36m [INFO][LIB][Path] [0mset log level : info
2024-03-24T11:19:15Z[36m [INFO][LIB][Path] [0mset report call : false
2024-03-24T11:19:15Z[36m [INFO][LIB][PFCP] [0mset log level : info
2024-03-24T11:19:15Z[36m [INFO][LIB][PFCP] [0mset report call : false
2024-03-24T11:19:15Z[36m [INFO][SMF][CFG] [0mSMF config version [1.0.0]
2024-03-24T11:19:15Z[36m [INFO][SMF][CFG] [0mUE-Routing config version [1.0.0]
2024-03-24T11:19:15Z[36m [INFO][SMF][Init] [0mSMF app initialising...
2024-03-24T11:19:15Z[36m [INFO][SMF][CTX] [0msmfconfig Info: Version[1.0.0] Description[SMF initial local configuration]
2024-03-24T11:19:15Z[36m [INFO][SMF][CTX] [0msbi lb - localIp 192.168.84.181
2024-03-24T11:19:15Z[36m [INFO][SMF][CTX] [0msbi lb - changing smf sbi.RegisterIPv4 192.168.84.181
2024-03-24T11:19:15Z[36m [INFO][SMF][CTX] [0msbi lb - smf smfContext.RegisterIPv4 192.168.84.181
2024-03-24T11:19:15Z[36m [INFO][SMF][CTX] [0mParsing PFCP IPv4 address from ENV variable found.
2024-03-24T11:19:15Z[36m [INFO][SMF][Init] [0mNetwork Slices to be inserted [
 Slice SST[1] SD[010203] 
 DNN name[internet], DNS v4[8.8.8.8], v6[2001:4860:4860::8888], UE-Pool[172.250.0.0/16] ]
2024-03-24T11:19:15Z[36m [INFO][SMF][UPNode] [0mUPNode[UPF] to insert, content[&{UPF upf 0   [{0xc0006d2bd0 [{internet [] []}]} {0xc0006d2c18 [{internet [] []}]}] [{N3 [upf] internet}]}]
2024-03-24T11:19:15Z[36m [INFO][SMF][CTX] [0mEndpoints: [upf]
2024-03-24T11:19:15Z[33m [WARN][LIB][PFCP] [0mhost [upf] not found in smf dns cache
2024/03/24 11:19:15 INFO: [core] [Channel #1 SubChannel #2] Subchannel Connectivity change to READY
2024/03/24 11:19:15 INFO: [core] [pick-first-lb 0xc000160d50] Received SubConn state update: 0xc000160e70, {ConnectivityState:READY ConnectionError:<nil>}
2024/03/24 11:19:15 INFO: [core] [Channel #1] Channel Connectivity change to READY
2024-03-24T11:19:15Z[36m [INFO][LIB][PFCP] [0mhost [upf] dns resolved, updating smf dns cache
2024-03-24T11:19:15Z[36m [INFO][SMF][UPNode] [0mUPNode[gNB1] to insert, content[&{AN  0   [] []}]
2024-03-24T11:19:15Z[36m [INFO][SMF][UPNode] [0minserting UP Node link[&{gNB1 UPF}]
2024-03-24T11:19:15Z[36m [INFO][SMF][Init] [0mConfiguration is managed by Config Pod
2024-03-24T11:19:15Z[36m [INFO][SMF][Init] [0mwaiting for initial configuration from config pod
2024-03-24T11:19:16Z[36m [INFO][Config5g][GRPC] [0mConnectivity status: Ready
2024-03-24T11:19:16Z[36m [INFO][Config5g][GRPC] [0mConfig Message received
2024-03-24T11:19:16Z[36m [INFO][Config5g][GRPC] [0mInitial Config Received  RestartCounter:4141576257 NetworkSlice:{Name:"default" Nssai:{Sst:"1" Sd:"010203"} DeviceGroup:{Name:"5g-gnbsim-user-group1" IpDomainDetails:{Name:"pool1" DnnName:"internet" UePool:"172.250.1.0/16" DnsPrimary:"8.8.8.8" Mtu:1460 UeDnnQos:{DnnMbrUplink:20000000 DnnMbrDownlink:200000000 TrafficClass:{Name:"platinum" Qci:9 Arp:6 Pdb:300 Pelr:6}}} Imsi:"208930100007487" Imsi:"208930100007488" Imsi:"208930100007489" Imsi:"208930100007490" Imsi:"208930100007491" Imsi:"208930100007492" Imsi:"208930100007493" Imsi:"208930100007494" Imsi:"208930100007495" Imsi:"208930100007496" Imsi:"208930100007497" Imsi:"208930100007498" Imsi:"208930100007499" Imsi:"208930100007500"} DeviceGroup:{Name:"5g-gnbsim-user-group2" IpDomainDetails:{Name:"pool2" DnnName:"internet" UePool:"172.250.1.0/16" DnsPrimary:"8.8.8.8" Mtu:1460 UeDnnQos:{DnnMbrUplink:10000000 DnnMbrDownlink:400000000 TrafficClass:{Name:"platinum" Qci:8 Arp:6 Pdb:300 Pelr:6}}} Imsi:"208930100007501" Imsi:"208930100007502" Imsi:"208930100007503" Imsi:"208930100007504" Imsi:"208930100007505" Imsi:"208930100007506" Imsi:"208930100007507" Imsi:"208930100007508" Imsi:"208930100007509" Imsi:"208930100007510"} Site:{SiteName:"aiab" Gnb:{Name:"aiab-gnb1" Tac:1} Gnb:{Name:"aiab-gnb2" Tac:2} Plmn:{mcc:"208" mnc:"93"} Upf:{UpfName:"upf"}} AppFilters:{PccRuleBase:{FlowInfos:{FlowDesc:"permit out ip from any to assigned" TosTrafficClass:"IPV4" FlowDir:BIDIRECTIONAL FlowStatus:ENABLED} RuleId:"ALLOW-ALL" Qos:{Var5qi:9 Arp:{PL:6 PC:MAY_PREEMPT PV:PREEMPTABLE}} Priority:250}}} ConfigUpdated:1
2024-03-24T11:19:16Z[36m [INFO][SMF][GRPC] [0mreceived updateConfig in the smf app: RestartCounter:4141576257 NetworkSlice:{Name:"default" Nssai:{Sst:"1" Sd:"010203"} DeviceGroup:{Name:"5g-gnbsim-user-group1" IpDomainDetails:{Name:"pool1" DnnName:"internet" UePool:"172.250.1.0/16" DnsPrimary:"8.8.8.8" Mtu:1460 UeDnnQos:{DnnMbrUplink:20000000 DnnMbrDownlink:200000000 TrafficClass:{Name:"platinum" Qci:9 Arp:6 Pdb:300 Pelr:6}}} Imsi:"208930100007487" Imsi:"208930100007488" Imsi:"208930100007489" Imsi:"208930100007490" Imsi:"208930100007491" Imsi:"208930100007492" Imsi:"208930100007493" Imsi:"208930100007494" Imsi:"208930100007495" Imsi:"208930100007496" Imsi:"208930100007497" Imsi:"208930100007498" Imsi:"208930100007499" Imsi:"208930100007500"} DeviceGroup:{Name:"5g-gnbsim-user-group2" IpDomainDetails:{Name:"pool2" DnnName:"internet" UePool:"172.250.1.0/16" DnsPrimary:"8.8.8.8" Mtu:1460 UeDnnQos:{DnnMbrUplink:10000000 DnnMbrDownlink:400000000 TrafficClass:{Name:"platinum" Qci:8 Arp:6 Pdb:300 Pelr:6}}} Imsi:"208930100007501" Imsi:"208930100007502" Imsi:"208930100007503" Imsi:"208930100007504" Imsi:"208930100007505" Imsi:"208930100007506" Imsi:"208930100007507" Imsi:"208930100007508" Imsi:"208930100007509" Imsi:"208930100007510"} Site:{SiteName:"aiab" Gnb:{Name:"aiab-gnb1" Tac:1} Gnb:{Name:"aiab-gnb2" Tac:2} Plmn:{mcc:"208" mnc:"93"} Upf:{UpfName:"upf"}} AppFilters:{PccRuleBase:{FlowInfos:{FlowDesc:"permit out ip from any to assigned" TosTrafficClass:"IPV4" FlowDir:BIDIRECTIONAL FlowStatus:ENABLED} RuleId:"ALLOW-ALL" Qos:{Var5qi:9 Arp:{PL:6 PC:MAY_PREEMPT PV:PREEMPTABLE}} Priority:250}}} ConfigUpdated:1
2024-03-24T11:19:16Z[36m [INFO][SMF][CFG] [0mParsed SMF config : &{SmfName: Sbi:<nil> PFCP:<nil> NrfUri: UserPlaneInformation:{UPNodes:map[aiab-gnb1:{Type:AN NodeID:aiab-gnb1 Port:0 ANIP: Dnn: SNssaiInfos:[] InterfaceUpfInfoList:[]} aiab-gnb2:{Type:AN NodeID:aiab-gnb2 Port:0 ANIP: Dnn: SNssaiInfos:[] InterfaceUpfInfoList:[]} upf:{Type:UPF NodeID:upf Port:8805 ANIP: Dnn: SNssaiInfos:[{SNssai:0xc000579038 DnnUpfInfoList:[{Dnn:internet DnaiList:[] PduSessionTypes:[]} {Dnn:internet DnaiList:[] PduSessionTypes:[]}]}] InterfaceUpfInfoList:[{InterfaceType:N3 Endpoints:[upf] NetworkInstance:internet} {InterfaceType:N3 Endpoints:[upf] NetworkInstance:internet}]}] Links:[{A:aiab-gnb1 B:upf} {A:aiab-gnb2 B:upf}]} ServiceNameList:[] SNssaiInfo:[{SNssai:0xc000579038 DnnInfos:[{Dnn:internet DNS:{IPv4Addr:8.8.8.8 IPv6Addr:} UESubnet:172.250.1.0/16 MTU:1460} {Dnn:internet DNS:{IPv4Addr:8.8.8.8 IPv6Addr:} UESubnet:172.250.1.0/16 MTU:1460}] PlmnId:{Mcc:208 Mnc:93}}] ULCL:false EnterpriseList:map[1010203:default] EnableDbStore:false EnableUpfAdapter:false SmfDbName: Mongodb:<nil> KafkaInfo:{BrokerUri: BrokerPort:0 Topic:} DebugProfilePort:0 EnableNrfCaching:false NrfCacheEvictionInterval:0 StaticIpInfo:[]}
2024-03-24T11:19:16Z[36m [INFO][SMF][CFG] [0mComparing slices of type:  []factory.SnssaiDnnInfoItem
2024-03-24T11:19:16Z[36m [INFO][SMF][CFG] [0mComparing slices of type:  []factory.SnssaiDnnInfoItem
2024-03-24T11:19:16Z[36m [INFO][SMF][CFG] [0mchanges in network slice config
2024-03-24T11:19:16Z[36m [INFO][SMF][CFG] [0mnetwork slices to be modified : 
 Slice SST[1] SD[010203] 
 DNN name[internet], DNS v4[8.8.8.8], v6[], UE-Pool[172.250.1.0/16] 
 DNN name[internet], DNS v4[8.8.8.8], v6[], UE-Pool[172.250.1.0/16]
2024-03-24T11:19:16Z[36m [INFO][SMF][CFG] [0mchanges in user plane config
2024-03-24T11:19:16Z[36m [INFO][SMF][CFG] [0mUP nodes to be deleted : 
 UPNode Name[UPF], Type[UPF], NodeId[upf], Port[0], 
 Slice SST[1] SD[010203] 
 DNN name[internet], DNAI[[]], PDU Sess Type[[]] 
 Slice SST[1] SD[112233] 
 DNN name[internet], DNAI[[]], PDU Sess Type[[]] 
 UP interface type[N3], network instance[internet], endpoints[[upf]], 
 UPNode Name[gNB1], Type[AN], NodeId[], Port[0],
2024-03-24T11:19:16Z[36m [INFO][SMF][CFG] [0mUP nodes to be added : 
 UPNode Name[aiab-gnb1], Type[AN], NodeId[aiab-gnb1], Port[0], 
 UPNode Name[aiab-gnb2], Type[AN], NodeId[aiab-gnb2], Port[0], 
 UPNode Name[upf], Type[UPF], NodeId[upf], Port[8805], 
 Slice SST[1] SD[010203] 
 DNN name[internet], DNAI[[]], PDU Sess Type[[]] 
 DNN name[internet], DNAI[[]], PDU Sess Type[[]] 
 UP interface type[N3], network instance[internet], endpoints[[upf]], 
 UP interface type[N3], network instance[internet], endpoints[[upf]],
2024-03-24T11:19:16Z[36m [INFO][SMF][CFG] [0mComparing slices of type:  []factory.UPLink
2024-03-24T11:19:16Z[36m [INFO][SMF][CFG] [0mchanges in UP nodes links config
2024-03-24T11:19:16Z[36m [INFO][SMF][CFG] [0mUP nodes links to be added : [{A:aiab-gnb1 B:upf} {A:aiab-gnb2 B:upf}]
2024-03-24T11:19:16Z[36m [INFO][SMF][CFG] [0mUP nodes links to be deleted : [{A:gNB1 B:UPF}]
2024-03-24T11:19:16Z[36m [INFO][SMF][Init] [0mminimum configuration from config pod available
2024-03-24T11:19:16Z[36m [INFO][SMF][CTX] [0mDynamic config update received [{DelSNssaiInfo:<nil> ModSNssaiInfo:0xc0005791b8 AddSNssaiInfo:<nil> DelUPNodes:0xc00056e258 ModUPNodes:<nil> AddUPNodes:0xc00056e248 AddLinks:0xc000579428 DelLinks:0xc000579458 EnterpriseList:0xc0006fc088}]
2024-03-24T11:19:16Z[36m [INFO][SMF][Init] [0mNetwork Slices to be modified [
 Slice SST[1] SD[010203] 
 DNN name[internet], DNS v4[8.8.8.8], v6[], UE-Pool[172.250.1.0/16] 
 DNN name[internet], DNS v4[8.8.8.8], v6[], UE-Pool[172.250.1.0/16] ]
2024-03-24T11:19:16Z[36m [INFO][SMF][Init] [0mNetwork Slices to be deleted [
 Slice SST[1] SD[010203] 
 DNN name[internet], DNS v4[8.8.8.8], v6[], UE-Pool[172.250.1.0/16] 
 DNN name[internet], DNS v4[8.8.8.8], v6[], UE-Pool[172.250.1.0/16] ]
2024-03-24T11:19:16Z[36m [INFO][SMF][Init] [0mnetwork slices deleted [
 Slice SST[1] SD[010203] 
 DNN name[internet], DNS v4[8.8.8.8], v6[], UE-Pool[172.250.1.0/16] 
 DNN name[internet], DNS v4[8.8.8.8], v6[], UE-Pool[172.250.1.0/16] ]
2024-03-24T11:19:16Z[36m [INFO][SMF][Init] [0mNetwork Slices to be inserted [
 Slice SST[1] SD[010203] 
 DNN name[internet], DNS v4[8.8.8.8], v6[], UE-Pool[172.250.1.0/16] 
 DNN name[internet], DNS v4[8.8.8.8], v6[], UE-Pool[172.250.1.0/16] ]
2024-03-24T11:19:16Z[36m [INFO][SMF][UPNode] [0mdeleting UP Node link[&{gNB1 UPF}]
2024-03-24T11:19:16Z[36m [INFO][SMF][UPNode] [0mUPNode[UPF] to delete, content[&{UPF upf 0   [{0xc0006d2bd0 [{internet [] []}]} {0xc0006d2c18 [{internet [] []}]}] [{N3 [upf] internet}]}]
2024-03-24T11:19:16Z[36m [INFO][SMF][UPNode] [0mUPNode[UPF] deleted from UP-Pool
2024-03-24T11:19:16Z[36m [INFO][SMF][UPNode] [0mUPNode[UPF] deleted from table[UPNodes]
2024-03-24T11:19:16Z[36m [INFO][SMF][UPNode] [0mUPNode[UPF] deleted from table[UPFIPToName]
2024-03-24T11:19:16Z[36m [INFO][SMF][UPNode] [0mUPNode[gNB1] to delete, content[&{AN  0   [] []}]
2024-03-24T11:19:16Z[36m [INFO][SMF][UPNode] [0mUPNode[gNB1] deleted from table[UPNodes]
2024-03-24T11:19:16Z[36m [INFO][SMF][UPNode] [0mUPNode[gNB1] deleted from table[UPFIPToName]
2024-03-24T11:19:16Z[36m [INFO][SMF][UPNode] [0mUPNode[upf] to insert, content[&{UPF upf 8805   [{0xc000579038 [{internet [] []} {internet [] []}]}] [{N3 [upf] internet} {N3 [upf] internet}]}]
2024-03-24T11:19:16Z[36m [INFO][SMF][CTX] [0mEndpoints: [upf]
2024-03-24T11:19:16Z[36m [INFO][SMF][CTX] [0mEndpoints: [upf]
2024-03-24T11:19:16Z[36m [INFO][SMF][UPNode] [0mUPNode[aiab-gnb1] to insert, content[&{AN aiab-gnb1 0   [] []}]
2024-03-24T11:19:16Z[36m [INFO][SMF][UPNode] [0mUPNode[aiab-gnb2] to insert, content[&{AN aiab-gnb2 0   [] []}]
2024-03-24T11:19:16Z[36m [INFO][SMF][UPNode] [0minserting UP Node link[&{aiab-gnb1 upf}]
2024-03-24T11:19:16Z[36m [INFO][SMF][UPNode] [0minserting UP Node link[&{aiab-gnb2 upf}]
2024-03-24T11:19:16Z[36m [INFO][SMF][CTX] [0mDynamic config update, enterprise info [map[1010203:default]]
2024-03-24T11:19:16Z[36m [INFO][SMF][UPNode] [0mresetting the default user plane paths [map[]]
2024-03-24T11:19:16Z[36m [INFO][SMF][Init] [0mDynamic config update task initialised
2024-03-24T11:19:16Z[36m [INFO][SMF][Consumer] [0mNRF Registration success, status [Created]
2024-03-24T11:19:16Z[36m [INFO][SMF][Init] [0mSMF Registration to NRF {19576157-02e9-437a-9876-689f30bdbe18 SMF REGISTERED 86400 0xc0002e1fe0 0xc000874018 [] []   [192.168.84.181] [] 0xc0002e1e78 [] [] <nil> 0 0 0  <nil> <nil> <nil> <nil> 0xc0002f1d40 <nil> <nil> <nil> <nil> <nil> map[] <nil> false 0xc0002e1ec0 false false []}
2024-03-24T11:19:16Z[36m [INFO][SMF][Init] [0mStarted KeepAlive Timer: 86400 sec
[GIN-debug] [WARNING] Running in "debug" mode. Switch to "release" mode in production.
 - using env:	export GIN_MODE=release
 - using code:	gin.SetMode(gin.ReleaseMode)

[GIN-debug] GET    /nsmf-oam/v1/             --> github.com/omec-project/smf/oam.Index (3 handlers)
[GIN-debug] GET    /nsmf-oam/v1/ue-pdu-session-info/:smContextRef --> github.com/omec-project/smf/oam.HTTPGetUEPDUSessionInfo (3 handlers)
[GIN-debug] POST   /nsmf-callback/sm-policies/:smContextRef/update --> github.com/omec-project/smf/callback.HTTPSmPolicyUpdateNotification (3 handlers)
[GIN-debug] POST   /nsmf-callback/sm-policies/:smContextRef/terminate --> github.com/omec-project/smf/callback.SmPolicyControlTerminationRequestNotification (3 handlers)
[GIN-debug] POST   /nsmf-callback/sm-n1n2failnotify/:smContextRef --> github.com/omec-project/smf/callback.N1N2FailureNotification (3 handlers)
[GIN-debug] POST   /nsmf-callback/nf-status-notify --> github.com/omec-project/smf/callback.HTTPNfSubscriptionStatusNotify (3 handlers)
[GIN-debug] GET    /nsmf-pdusession/v1/      --> github.com/omec-project/smf/pdusession.Index (3 handlers)
[GIN-debug] POST   /nsmf-pdusession/v1/pdu-sessions/:pduSessionRef/release --> github.com/omec-project/smf/pdusession.ReleasePduSession (3 handlers)
[GIN-debug] POST   /nsmf-pdusession/v1/pdu-sessions/:pduSessionRef/modify --> github.com/omec-project/smf/pdusession.UpdatePduSession (3 handlers)
[GIN-debug] POST   /nsmf-pdusession/v1/sm-contexts/:smContextRef/release --> github.com/omec-project/smf/pdusession.HTTPReleaseSmContext (3 handlers)
[GIN-debug] POST   /nsmf-pdusession/v1/sm-contexts/:smContextRef/retrieve --> github.com/omec-project/smf/pdusession.RetrieveSmContext (3 handlers)
[GIN-debug] POST   /nsmf-pdusession/v1/sm-contexts/:smContextRef/modify --> github.com/omec-project/smf/pdusession.HTTPUpdateSmContext (3 handlers)
[GIN-debug] POST   /nsmf-pdusession/v1/pdu-sessions --> github.com/omec-project/smf/pdusession.PostPduSessions (3 handlers)
[GIN-debug] POST   /nsmf-pdusession/v1/sm-contexts --> github.com/omec-project/smf/pdusession.HTTPPostSmContexts (3 handlers)
[GIN-debug] GET    /nsmf_event-exposure/v1   --> github.com/omec-project/smf/eventexposure.Index (3 handlers)
[GIN-debug] POST   /nsmf_event-exposure/v1/subscriptions --> github.com/omec-project/smf/eventexposure.SubscriptionsPost (3 handlers)
[GIN-debug] DELETE /nsmf_event-exposure/v1/subscriptions/:subId --> github.com/omec-project/smf/eventexposure.SubscriptionsSubIdDelete (3 handlers)
[GIN-debug] GET    /nsmf_event-exposure/v1/subscriptions/:subId --> github.com/omec-project/smf/eventexposure.SubscriptionsSubIdGet (3 handlers)
[GIN-debug] PUT    /nsmf_event-exposure/v1/subscriptions/:subId --> github.com/omec-project/smf/eventexposure.SubscriptionsSubIdPut (3 handlers)
2024-03-24T11:19:16Z[36m [INFO][SMF][CFG] [0minitialising drsm name [sdcore_smf] url [mongodb://mongodb-arbiter-headless]
2024-03-24T11:19:16Z[37m [DEBU][DRSM][App] [0mCLIENT ID:  {smf-56bc676695-hsjsp 19576157-02e9-437a-9876-689f30bdbe18 192.168.84.181}
2024-03-24T11:19:16Z[37m [DEBU][DRSM][App] [0mdrsm mode set to  0
2024/03/24 11:19:16 ChunkId in the range of 0 to 16384 
2024-03-24T11:19:16Z[37m [DEBU][DRSM][App] [0mipmodule  &{24 0 <nil> map[]}
2024-03-24T11:19:16Z[37m [DEBU][DRSM][App] [0mipmodule  &{{0 0} 0xc0005722c0}
2024-03-24T11:19:16Z[37m [DEBU][DRSM][App] [0mip module prefix  map[]
2024-03-24T11:19:16Z[37m [DEBU][DRSM][App] [0mMongoClient is created. sdcore_smf
2024-03-24T11:19:16Z[37m [DEBU][DRSM][App] [0mCLIENT ID:  {smf-56bc676695-hsjsp 19576157-02e9-437a-9876-689f30bdbe18 192.168.84.181}
2024-03-24T11:19:16Z[37m [DEBU][DRSM][App] [0mdrsm mode set to  0
2024/03/24 11:19:16 ChunkId in the range of 0 to 16384 
2024-03-24T11:19:16Z[37m [DEBU][DRSM][App] [0mipmodule  &{24 0 <nil> map[]}
2024-03-24T11:19:16Z[37m [DEBU][DRSM][App] [0mdocument expiry enabled
Started Pod Down goroutine
2024-03-24T11:19:16Z[37m [DEBU][DRSM][App] [0mipmodule  &{{0 0} 0xc000c2c280}
2024-03-24T11:19:16Z[37m [DEBU][DRSM][App] [0mip module prefix  map[]
2024-03-24T11:19:16Z[37m [DEBU][DRSM][App] [0mMongoClient is created. sdcore_smf
2024-03-24T11:19:16Z[37m [DEBU][DRSM][App] [0mdocument expiry enabled
Started Pod Down goroutine
2024-03-24T11:19:16Z[36m [INFO][SMF][PFCP] [0mListen on 192.168.84.181:8805
2024-03-24T11:19:16Z[36m [INFO][SMF][App] [0mSend PFCP Association Request to UPF[upf](192.168.85.232)
2024-03-24T11:19:16Z[37m [DEBU][DRSM][App] [0miterate change stream for podData  &{{0 0} fseid {smf-56bc676695-hsjsp 19576157-02e9-437a-9876-689f30bdbe18 192.168.84.181} {mongodb://mongodb-arbiter-headless sdcore_smf} 0 24 map[] map[] map[] 0xc00052faa0 map[] 16384 <nil> 0xc000614240 map[] 0xc00069eff0 {0 0}}
2024-03-24T11:19:16Z[37m [DEBU][DRSM][App] [0miterate change stream for podData  &{{0 0} fteid {smf-56bc676695-hsjsp 19576157-02e9-437a-9876-689f30bdbe18 192.168.84.181} {mongodb://mongodb-arbiter-headless sdcore_smf} 0 24 map[] map[] map[] 0xc0005f26c0 map[] 16384 <nil> 0xc000c143c0 map[] 0xc0001274a0 {0 0}}
2024-03-24T11:19:16Z[36m [INFO][SMF][PFCP] [0mSent PFCP Association Request to NodeID[192.168.85.232]
2024-03-24T11:19:16Z[36m [INFO][SMF][PFCP] [0mHandle PFCP Association Setup Response with NodeID[192.168.85.232]
2024-03-24T11:19:16Z[36m [INFO][SMF][PFCP] [0mUPF[192.168.85.232] received N3 interface IP[192.168.252.3], network instance[internet] and TEID[0]
2024-03-24T11:19:16Z[36m [INFO][SMF][PFCP] [0mUPF(192.168.85.232)[internet] setup association success
2024-03-24T11:19:16Z[37m [DEBU][DRSM][App] [0mTTL Index created for Field : expireAt in Collection
2024-03-24T11:19:16Z[37m [DEBU][DRSM][App] [0mTTL Index created for Field : expireAt in Collection
2024/03/24 11:19:19 chunk entry: []
2024/03/24 11:19:19 chunk entry: []
2024-03-24T11:19:21Z[36m [INFO][DRSM][App] [0mKeepalive insert d.podMaps map[smf-56bc676695-hsjsp:0xc0001fc8c0]
2024-03-24T11:19:21Z[36m [INFO][DRSM][App] [0mKeepalive insert d.podMaps map[smf-56bc676695-hsjsp:0xc0000dc070]
2024-03-24T11:25:04Z[36m [INFO][SMF][PduSess] [0mRecieve Create SM Context Request
2024-03-24T11:25:05Z[36m [INFO][SMF][PduSess][imsi-208930100007487][1][urn:uuid:139326c2-dc99-485e-9a60-fa4fcdd587f3] [0mPDUSessionSMContextCreate, SM context created
2024-03-24T11:25:05Z[36m [INFO][SMF][PduSess][imsi-208930100007487][1][urn:uuid:139326c2-dc99-485e-9a60-fa4fcdd587f3] [0mPDUSessionSMContextCreate, send NF Discovery Serving UDM Successful
unique id - ip 172.250.237.121 
unique id - offset 1 
unique id - smfCount 0 
2024-03-24T11:25:05Z[36m [INFO][SMF][PduSess][imsi-208930100007487][1][urn:uuid:139326c2-dc99-485e-9a60-fa4fcdd587f3] [0mPDUSessionSMContextCreate, IP alloc success IP[172.250.237.121]
2024-03-24T11:25:05Z[36m [INFO][SMF][PduSess][imsi-208930100007487][1][urn:uuid:139326c2-dc99-485e-9a60-fa4fcdd587f3] [0mPDUSessionSMContextCreate, subscription data retrieved from UDM
2024-03-24T11:25:05Z[36m [INFO][NAS][Convert] [0mProtocolOrContainerList:  [0xc000b9a2e0 0xc000b9a300]
2024-03-24T11:25:05Z[36m [INFO][SMF][GSM][imsi-208930100007487][1][urn:uuid:139326c2-dc99-485e-9a60-fa4fcdd587f3] [0mProtocol Configuration Options
2024-03-24T11:25:05Z[36m [INFO][SMF][GSM][imsi-208930100007487][1][urn:uuid:139326c2-dc99-485e-9a60-fa4fcdd587f3] [0m&{[0xc000b9a2e0 0xc000b9a300]}
2024-03-24T11:25:05Z[36m [INFO][SMF][GSM][imsi-208930100007487][1][urn:uuid:139326c2-dc99-485e-9a60-fa4fcdd587f3] [0mDidn't Implement container type IPAddressAllocationViaNASSignallingUL
2024-03-24T11:25:05Z[36m [INFO][SMF][PduSess][imsi-208930100007487][1][urn:uuid:139326c2-dc99-485e-9a60-fa4fcdd587f3] [0mPDUSessionSMContextCreate, send NF Discovery Serving PCF success
2024-03-24T11:25:05Z[36m [INFO][SMF][PduSess][imsi-208930100007487][1][urn:uuid:139326c2-dc99-485e-9a60-fa4fcdd587f3] [0mPDUSessionSMContextCreate, Policy association create success
2024-03-24T11:25:05Z[36m [INFO][SMF][QosFsm][imsi-208930100007487][1][urn:uuid:139326c2-dc99-485e-9a60-fa4fcdd587f3] [0mPDUSessionSMContextCreate, received SM policy data: 
PCC Rules: 
[name:[ALLOW-ALL], PccRule:[RuleId:[1], Precdence:[250], RefQosData:[1], flow:[[
FlowInfo:[flowDesc:[permit out ip from any to assigned], PFId:[2], direction:[BIDIRECTIONAL]]]]]]
Session Rules: 
[name:[internet-1], SessRule:[RuleId:[internet-1], Ambr:[Dl:[200 Mbps], Ul:[20000 Kbps]], AuthDefQos:[Var5QI:[9], PriorityLevel:[0], ARP:[&{6  }]]]]
QosData: 
[name:[1], QosData:[QosId:[1], Var5QI:[9], MaxBrUl:[20000 Kbps], MaxBrDl:[200 Mbps], GBrUl:[], GBrDl:[], PriorityLevel:[0], ARP:[&{6 MAY_PREEMPT PREEMPTABLE}], DQFI:[true]]]
TCData: 
[name:[TcId-2], TC Data:[Id:[TcId-2], FlowStatus:[ENABLED]]]
2024-03-24T11:25:05Z[36m [INFO][SMF][QosFsm][imsi-208930100007487][1][urn:uuid:139326c2-dc99-485e-9a60-fa4fcdd587f3] [0mPDUSessionSMContextCreate, generated SM policy update: Policy Update:[
PccRule:[
PCC Rule Changes:
[to add:[
[name:[ALLOW-ALL], PccRule:[RuleId:[1], Precdence:[250], RefQosData:[1], flow:[[
FlowInfo:[flowDesc:[permit out ip from any to assigned], PFId:[2], direction:[BIDIRECTIONAL]]]]]]]
[to mod:[]]
[to del:[]]], 
SessRules:[
Sess Rule Changes:
[to add:[
[name:[internet-1], SessRule:[RuleId:[internet-1], Ambr:[Dl:[200 Mbps], Ul:[20000 Kbps]], AuthDefQos:[Var5QI:[9], PriorityLevel:[0], ARP:[&{6  }]]]]]
[to mod:[]]
[to del:[]]], 
QosData:[
Qos Data Changes:
[to add:[
[name:[1], QosData:[QosId:[1], Var5QI:[9], MaxBrUl:[20000 Kbps], MaxBrDl:[200 Mbps], GBrUl:[], GBrDl:[], PriorityLevel:[0], ARP:[&{6 MAY_PREEMPT PREEMPTABLE}], DQFI:[true]]]]
[to mod:[]]
[to del:[]]], 
TcData:[
TC Data Changes:
[to add:[
[name:[TcId-2], TC Data:[Id:[TcId-2], FlowStatus:[ENABLED]]]]
[to mod:[]]
[to del:[]]]]
2024-03-24T11:25:05Z[36m [INFO][SMF][PduSess][imsi-208930100007487][1][urn:uuid:139326c2-dc99-485e-9a60-fa4fcdd587f3] [0mPDUSessionSMContextCreate, no pre-config route
2024-03-24T11:25:05Z[36m [INFO][SMF][PduSess] [0mNodes in Data Path [192.168.85.232] and status [AssociatedSetUpSuccess]
2024-03-24T11:25:05Z[37m [DEBU][DRSM][App] [0mAllocate new chunk
2024-03-24T11:25:05Z[37m [DEBU][DRSM][App] [0mFound chunk Id block  15614
2024/03/24 11:25:05 Adding chunk 15614 success 
2024-03-24T11:25:05Z[37m [DEBU][DRSM][App] [0mAllocate new chunk
2024-03-24T11:25:05Z[37m [DEBU][DRSM][App] [0mFound chunk Id block  12633
2024-03-24T11:25:05Z[36m [INFO][DRSM][App] [0mreceived Chunk Doc: &{chunkid-15614 chunkid-15614 smf-56bc676695-hsjsp 192.168.84.181 19576157-02e9-437a-9876-689f30bdbe18 0001-01-01 00:00:00 +0000 UTC chunk}
2024/03/24 11:25:05 id received: chunkid-15614 value
2024-03-24T11:25:05Z[36m [INFO][DRSM][App] [0mChunk id 15614, podChunks map[15614:0xc000a0c750]
2024/03/24 11:25:05 Adding chunk 12633 success 
2024-03-24T11:25:05Z[36m [INFO][DRSM][App] [0mreceived Chunk Doc: &{chunkid-12633 chunkid-12633 smf-56bc676695-hsjsp 192.168.84.181 19576157-02e9-437a-9876-689f30bdbe18 0001-01-01 00:00:00 +0000 UTC chunk}
2024/03/24 11:25:05 id received: chunkid-12633 value
2024-03-24T11:25:05Z[36m [INFO][DRSM][App] [0mChunk id 12633, podChunks map[12633:0xc0004e6fc0]
2024-03-24T11:25:05Z[36m [INFO][SMF][CTX] [0mactivate UpLink PDR[ALLOW-ALL]:[PDR:[PdrId:[1], Precedence:[250], PDI:[PDI:[SourceInterface:[{0}], LocalFteid:[&{false false false true 12937191 192.168.252.3 <nil> 0}], NetworkInstance:[[105 110 116 101 114 110 101 116]], UEIpAddr:[&{false false true false false false 172.250.237.121 <nil> 0}], SdfFilter:[SDF: sdfid:[2], [bid:[false], fl:[false], spi:[false], ttc:[false], fd:[true], flowdesc:[permit out ip from any to assigned], lenfd:[34], tosclass:[]], spi:[], flowlabel:[] ], AppId:[]]], OuterHeaderRem:[&{0}], Far:[FAR:[Id:[1], ApplyAction:[Action:[Dup:false, Nocp:false, Buff:false, Forw:true, Drop:false]], FrwdParam:[FwdParam:[DestIntf:[{2}], NetworkInstance:[[105 110 116 101 114 110 101 116]], OuterHeaderCreation:[<nil>], PFCPSMReqFlags:[<nil>], ForwardingPolicyID:[]]], BAR:[<nil>], State:[0]]], RuleState:[0], QERS:[[
QER:[Id:[1], QFI:[{1}], MBR:[UL:[20000], DL:[200000]], Gate:[UL:[0], DL:[0]], RuleState:[0]] 
QER:[Id:[3], QFI:[{1}], MBR:[UL:[20000], DL:[200000]], Gate:[UL:[0], DL:[0]], RuleState:[0]]]]]]
2024-03-24T11:25:05Z[36m [INFO][SMF][CTX] [0mactivate Downlink PDR[ALLOW-ALL]:[PDR:[PdrId:[2], Precedence:[250], PDI:[PDI:[SourceInterface:[{0}], LocalFteid:[<nil>], NetworkInstance:[[]], UEIpAddr:[<nil>], SdfFilter:[SDF: sdfid:[2], [bid:[false], fl:[false], spi:[false], ttc:[false], fd:[true], flowdesc:[permit out ip from any to assigned], lenfd:[34], tosclass:[]], spi:[], flowlabel:[] ], AppId:[]]], OuterHeaderRem:[<nil>], Far:[FAR:[Id:[2], ApplyAction:[Action:[Dup:false, Nocp:false, Buff:false, Forw:false, Drop:true]], FrwdParam:[<nil>], BAR:[<nil>], State:[0]]], RuleState:[0], QERS:[[
QER:[Id:[2], QFI:[{1}], MBR:[UL:[20000], DL:[200000]], Gate:[UL:[0], DL:[0]], RuleState:[0]]]]]]
2024-03-24T11:25:05Z[36m [INFO][SMF][CTX] [0mactivate Downlink PDR[ALLOW-ALL]:[PDR:[PdrId:[2], Precedence:[250], PDI:[PDI:[SourceInterface:[{0}], LocalFteid:[<nil>], NetworkInstance:[[]], UEIpAddr:[&{false false true false false false 172.250.237.121 <nil> 0}], SdfFilter:[SDF: sdfid:[2], [bid:[false], fl:[false], spi:[false], ttc:[false], fd:[true], flowdesc:[permit out ip from any to assigned], lenfd:[34], tosclass:[]], spi:[], flowlabel:[] ], AppId:[]]], OuterHeaderRem:[<nil>], Far:[FAR:[Id:[2], ApplyAction:[Action:[Dup:false, Nocp:false, Buff:false, Forw:false, Drop:true]], FrwdParam:[<nil>], BAR:[<nil>], State:[0]]], RuleState:[0], QERS:[[
QER:[Id:[2], QFI:[{1}], MBR:[UL:[20000], DL:[200000]], Gate:[UL:[0], DL:[0]], RuleState:[0]] 
QER:[Id:[3], QFI:[{1}], MBR:[UL:[20000], DL:[200000]], Gate:[UL:[0], DL:[0]], RuleState:[0]]]]]]
2024-03-24T11:25:05Z[36m [INFO][SMF][Consumer][imsi-208930100007487][1][urn:uuid:139326c2-dc99-485e-9a60-fa4fcdd587f3] [0msend NF Discovery Serving AMF Successful
2024-03-24T11:25:05Z[36m [INFO][SMF][PduSess][imsi-208930100007487][1][urn:uuid:139326c2-dc99-485e-9a60-fa4fcdd587f3] [0mPDUSessionSMContextCreate, PDU session context create success
2024-03-24T11:25:05Z[36m [INFO][SMF][CTX][imsi-208930100007487][1][urn:uuid:139326c2-dc99-485e-9a60-fa4fcdd587f3] [0mcontext state change, current state[SmStateInit] next state[SmStatePfcpCreatePending]
2024-03-24T11:25:05Z[36m [INFO][SMF][TxnFsm][][1][CreateSmContext] [0mtxn ended, execution time [45.664857ms]
2024-03-24T11:25:05Z[36m [INFO][SMF][GIN] [0m| 201 |  192.168.84.183 | POST    | /nsmf-pdusession/v1/sm-contexts |
in BuildPfcpSessionEstablishmentRequest localSEID 15989735
2024-03-24T11:25:05Z[36m [INFO][SMF][PFCP] [0min SendPfcpSessionEstablishmentRequest fseid 15989735
2024-03-24T11:25:05Z[36m [INFO][SMF][PFCP][imsi-208930100007487][1][urn:uuid:139326c2-dc99-485e-9a60-fa4fcdd587f3] [0mSent PFCP Session Establish Request to NodeID[192.168.85.232]
2024-03-24T11:25:05Z[36m [INFO][SMF][PFCP] [0mIn HandlePfcpSessionEstablishmentResponse
2024-03-24T11:25:05Z[36m [INFO][SMF][PFCP][imsi-208930100007487][1][urn:uuid:139326c2-dc99-485e-9a60-fa4fcdd587f3] [0min HandlePfcpSessionEstablishmentResponse rsp.UPFSEID.Seid [16483631038674580343]
2024-03-24T11:25:05Z[36m [INFO][SMF][PFCP][imsi-208930100007487][1][urn:uuid:139326c2-dc99-485e-9a60-fa4fcdd587f3] [0mPFCP Session Establishment accepted
2024-03-24T11:25:05Z[36m [INFO][SMF][CTX][imsi-208930100007487][1][urn:uuid:139326c2-dc99-485e-9a60-fa4fcdd587f3] [0mcontext state change, current state[SmStatePfcpCreatePending] next state[SmStateN1N2TransferPending]
2024-03-24T11:25:05Z[36m [INFO][SMF][TxnFsm][][2][PfcpSessCreate] [0mtxn ended, execution time [16.48104ms]
&{20000 Kbps 200 Mbps}
2024/03/24 11:25:05 Building QoS Rule from PCC rule [ALLOW-ALL]
2024/03/24 11:25:05 Adding Qos Flow Description [1] 
2024-03-24T11:25:05Z[36m [INFO][SMF][PduSess][imsi-208930100007487][1][urn:uuid:139326c2-dc99-485e-9a60-fa4fcdd587f3] [0mN1N2 transfer initiated
2024-03-24T11:25:05Z[36m [INFO][SMF][PduSess][imsi-208930100007487][1][urn:uuid:139326c2-dc99-485e-9a60-fa4fcdd587f3] [0mN1N2 Transfer completed
2024-03-24T11:25:05Z[36m [INFO][SMF][PduSess] [0mRecieve Update SM Context Request
2024-03-24T11:25:05Z[36m [INFO][SMF][CTX][imsi-208930100007487][1][urn:uuid:139326c2-dc99-485e-9a60-fa4fcdd587f3] [0mcontext state change, current state[SmStateN1N2TransferPending] next state[SmStateActive]
2024-03-24T11:25:05Z[36m [INFO][SMF][TxnFsm][][3][N1N2MessageTransfer] [0mtxn ended, execution time [13.987592ms]
2024-03-24T11:25:05Z[36m [INFO][SMF][PduSess][imsi-208930100007487][1][urn:uuid:139326c2-dc99-485e-9a60-fa4fcdd587f3] [0mPDUSessionSMContextUpdate, update received
2024-03-24T11:25:05Z[36m [INFO][SMF][PduSess][imsi-208930100007487][1][urn:uuid:139326c2-dc99-485e-9a60-fa4fcdd587f3] [0mPDUSessionSMContextUpdate, N2 SM info type PDU_RES_SETUP_RSP received
2024-03-24T11:25:05Z[36m [INFO][SMF][CTX][imsi-208930100007487][1][urn:uuid:139326c2-dc99-485e-9a60-fa4fcdd587f3] [0mcontext state change, current state[SmStateActive] next state[SmStateModify]
2024-03-24T11:25:05Z[36m [INFO][SMF][CTX][imsi-208930100007487][1][urn:uuid:139326c2-dc99-485e-9a60-fa4fcdd587f3] [0mcontext state change, current state[SmStateModify] next state[SmStatePfcpModify]
2024-03-24T11:25:05Z[36m [INFO][SMF][CTX][imsi-208930100007487][1][urn:uuid:139326c2-dc99-485e-9a60-fa4fcdd587f3] [0mcontext state change, current state[SmStatePfcpModify] next state[SmStatePfcpModify]
2024-03-24T11:25:05Z[36m [INFO][SMF][PduSess][imsi-208930100007487][1][urn:uuid:139326c2-dc99-485e-9a60-fa4fcdd587f3] [0mPDUSessionSMContextUpdate, send PFCP Modification
2024-03-24T11:25:05Z[36m [INFO][SMF][PFCP][imsi-208930100007487][1][urn:uuid:139326c2-dc99-485e-9a60-fa4fcdd587f3] [0mSent PFCP Session Modify Request to NodeID[192.168.85.232]
2024-03-24T11:25:05Z[36m [INFO][SMF][PFCP] [0mIn HandlePfcpSessionModificationResponse
2024-03-24T11:25:05Z[36m [INFO][SMF][PduSess][imsi-208930100007487][1][urn:uuid:139326c2-dc99-485e-9a60-fa4fcdd587f3] [0mPFCP Modification Response Accept
2024-03-24T11:25:05Z[36m [INFO][SMF][PFCP][imsi-208930100007487][1][urn:uuid:139326c2-dc99-485e-9a60-fa4fcdd587f3] [0mPFCP Session Modification Success[15989735]
2024-03-24T11:25:05Z[36m [INFO][SMF][CTX][imsi-208930100007487][1][urn:uuid:139326c2-dc99-485e-9a60-fa4fcdd587f3] [0mcontext state change, current state[SmStatePfcpModify] next state[SmStateActive]
2024-03-24T11:25:05Z[36m [INFO][SMF][CTX][imsi-208930100007487][1][urn:uuid:139326c2-dc99-485e-9a60-fa4fcdd587f3] [0mcontext state change, current state[SmStateActive] next state[SmStateActive]
2024-03-24T11:25:05Z[36m [INFO][SMF][TxnFsm][][4][UpdateSmContext] [0mtxn ended, execution time [54.738073ms]
2024-03-24T11:25:05Z[36m [INFO][SMF][GIN] [0m| 200 |  192.168.84.183 | POST    | /nsmf-pdusession/v1/sm-contexts/urn:uuid:139326c2-dc99-485e-9a60-fa4fcdd587f3/modify |
